<?xml version="1.0" encoding="UTF-8"?>
<!-- Generated by org.testng.reporters.JUnitReportReporter -->
<testsuite hostname="Shauns-MacBook-Pro.local" failures="1" tests="4" name="login.LoginTests" time="11.764" errors="0" timestamp="06 Feb 2021 03:33:24 GMT" skipped="0">
  <testcase classname="login.LoginTests" name="loginWithCorrectEmailButIncorrectPasswordShouldGiveAnErrorMessage" time="2.304"/>
  <testcase classname="login.LoginTests" name="loginWithIncorrectEmailButCorrectPasswordShouldGiveAnErrorMessage" time="1.265"/>
  <testcase classname="login.LoginTests" name="loginWithCorrectEmailAndPasswordShouldAuthenticateAndThenLogout" time="1.459">
    <failure message="Login failed expected [You are logged in!] but found [E-Mail Address
Password
Remember Me
Login Forgot Your Password?]" type="java.lang.AssertionError">
      <![CDATA[java.lang.AssertionError: Login failed expected [You are logged in!] but found [E-Mail Address
Password
Remember Me
Login Forgot Your Password?]
at org.testng.Assert.fail(Assert.java:96)
at org.testng.Assert.failNotEquals(Assert.java:776)
at org.testng.Assert.assertEqualsImpl(Assert.java:137)
at org.testng.Assert.assertEquals(Assert.java:118)
at org.testng.Assert.assertEquals(Assert.java:453)
at login.LoginTests.loginWithCorrectEmailAndPasswordShouldAuthenticateAndThenLogout(LoginTests.java:41)
at java.base/jdk.internal.reflect.NativeMethodAccessorImpl.invoke0(Native Method)
at java.base/jdk.internal.reflect.NativeMethodAccessorImpl.invoke(NativeMethodAccessorImpl.java:62)
at java.base/jdk.internal.reflect.DelegatingMethodAccessorImpl.invoke(DelegatingMethodAccessorImpl.java:43)
at java.base/java.lang.reflect.Method.invoke(Method.java:566)
at org.testng.internal.MethodInvocationHelper.invokeMethod(MethodInvocationHelper.java:124)
at org.testng.internal.Invoker.invokeMethod(Invoker.java:583)
at org.testng.internal.Invoker.invokeTestMethod(Invoker.java:719)
at org.testng.internal.Invoker.invokeTestMethods(Invoker.java:989)
at org.testng.internal.TestMethodWorker.invokeTestMethods(TestMethodWorker.java:125)
at org.testng.internal.TestMethodWorker.run(TestMethodWorker.java:109)
at org.testng.TestRunner.privateRun(TestRunner.java:648)
at org.testng.TestRunner.run(TestRunner.java:505)
at org.testng.SuiteRunner.runTest(SuiteRunner.java:455)
at org.testng.SuiteRunner.runSequentially(SuiteRunner.java:450)
at org.testng.SuiteRunner.privateRun(SuiteRunner.java:415)
at org.testng.SuiteRunner.run(SuiteRunner.java:364)
at org.testng.SuiteRunnerWorker.runSuite(SuiteRunnerWorker.java:52)
at org.testng.SuiteRunnerWorker.run(SuiteRunnerWorker.java:84)
at org.testng.TestNG.runSuitesSequentially(TestNG.java:1208)
at org.testng.TestNG.runSuitesLocally(TestNG.java:1137)
at org.testng.TestNG.runSuites(TestNG.java:1049)
at org.testng.TestNG.run(TestNG.java:1017)
at com.intellij.rt.testng.IDEARemoteTestNG.run(IDEARemoteTestNG.java:66)
at com.intellij.rt.testng.RemoteTestNGStarter.main(RemoteTestNGStarter.java:109)
]]>
    </failure>
  </testcase> <!-- loginWithCorrectEmailAndPasswordShouldAuthenticateAndThenLogout -->
  <testcase classname="login.LoginTests" name="loginWithCorrectEmailAndCorrectPasswordAndCheckRememberMeShouldRememberUserAfterBrowserQuit" time="6.736"/>
</testsuite> <!-- login.LoginTests -->
