<?xml version="1.0" encoding="UTF-8"?>
<!-- Generated by org.testng.reporters.JUnitReportReporter -->
<testsuite hostname="Shauns-MacBook-Pro.local" failures="0" tests="3" name="login.LoginTests" time="6.527" errors="0" timestamp="06 Feb 2021 00:34:40 GMT" skipped="0">
  <testcase classname="login.LoginTests" name="loginWithIncorrectEmailButCorrectPasswordShouldGiveAnErrorMessage" time="1.172"/>
  <testcase classname="login.LoginTests" name="loginWithCorrectEmailAndPasswordShouldAuthenticateAndThenLogout" time="2.353"/>
  <testcase classname="login.LoginTests" name="loginWithCorrectEmailButIncorrectPasswordShouldGiveAnErrorMessage" time="3.002"/>
</testsuite> <!-- login.LoginTests -->
